#AUDIOSCROBBLER/1.1
#TZ/UNKNOWN
#CLIENT/Rockbox sansaclipplus $Revision: 27656 $
Rory Gallagher	A Blue Day For The Blues	(Back On My) Stomping Ground (Live)	7	336	S	1282427931	
Rory Gallagher	A Blue Day For The Blues	(Back On My) Stomping Ground (Live)	7	336	S	1282427991	
Rory Gallagher	A Blue Day For The Blues	(Back On My) Stomping Ground (Live)	7	336	L	1282427991	
Rory Gallagher	A Blue Day For The Blues	Shin Kicker (Live)	10	230	L	1282428273	
Rory Gallagher	Tattoo	Who's That Coming	7	431	L	1282428506	
Rory Gallagher	Jinx	Signals	5	286	L	1282429458	
Rory Gallagher	Photo-Finish (expanded) (1978)	Cloak & Dagger	4	321	L	1282429748	
Rory Gallagher	A Blue Day For The Blues	Pistol Slapper Blues (Live)	12	168	L	1282430073	
Rory Gallagher	Rory Gallagher	Sinner Boy	6	305	L	1282430243	
Rory Gallagher	Top Priority (Remastered 1998)	Philby	2	231	L	1282430552	
Rory Gallagher	Jinx	Easy Come Easy Go	7	348	L	1282430786	
Rory Gallagher	A Blue Day For The Blues	Continental Op (To - Daniel Hammet)	9	274	L	1282431138	
Rory Gallagher	Stage Struck	Bad Penny	5	399	L	1282431415	
Rory Gallagher	Calling Card	Country Mile	2	198	L	1282431819	
Rory Gallagher	Deuce	There's A Light	8	359	L	1282432019	
Rory Gallagher	Defender	Don't Start Me To Talkin'	9	217	L	1282432384	
Rory Gallagher	Photo-Finish (expanded) (1978)	The Last Of The Independants	8	238	L	1282432604	
Rory Gallagher	Live In Europe	Messin' With The Kid	1	387	L	1282432845	
Rory Gallagher	Defender	Continental Op	3	274	L	1282433237	
Rory Gallagher	Calling Card	Jack-knife Beat	7	424	L	1282433514	
Rory Gallagher	Photo-Finish (expanded) (1978)	Shin Kicker	1	242	L	1282433944	
Rory Gallagher	Deuce	Out Of My Mind	9	185	L	1282434190	
Rory Gallagher	Rory Gallagher	Can't Believe It's True	10	436	L	1282434377	
Rory Gallagher	Live In Europe	Hoodoo Man	8	362	L	1282434818	
Rory Gallagher	Tattoo	Livin' like a Trucker	5	262	L	1282435185	
Rory Gallagher	Calling Card	Public Enemy (B-Girl version) (Bonus track)	11	273	L	1282435451	
Rory Gallagher	A Blue Day For The Blues	Don't Start Me Talkin'	13	215	L	1282435727	
Rory Gallagher	Tattoo	A Million Miles Away	8	419	L	1282435944	
Rory Gallagher	Calling Card	Barley & Grape Rag	9	219	L	1282436369	
Rory GALLAGHER	Against The Grain	Cluney Blues	11	133	L	1282436590	
Rory Gallagher	Defender	Seems To Me (bonus)	11	294	L	1282436726	
Rory Gallagher	Blueprint	If I Had A Reason	8	270	L	1282437024	
Rory Gallagher	Photo-Finish (expanded) (1978)	Brute Force & Ignorance	2	256	L	1282437297	
Rory GALLAGHER	Against The Grain	Let Me In	1	243	L	1282437557	
Rory Gallagher	A Blue Day For The Blues	Alexis	15	245	L	1282437804	
Rory Gallagher	Live In Europe	In Your Town	6	603	L	1282438052	
Rory Gallagher	Top Priority (Remastered 1998)	Keychain	4	249	L	1282438662	
Rory Gallagher	A Blue Day For The Blues	Empire State Express	8	311	L	1282438914	
Rory Gallagher	Stage Struck	Moonchild	4	363	L	1282439228	
Rory Gallagher	A Blue Day For The Blues	I Ain't No Saint	1	298	L	1282439597	
Rory Gallagher	Fresh Evidence	Bowed Not Broken (Bonus track)	12	206	L	1282439898	
Rory Gallagher	Stage Struck	Brute Force & Ignorance	3	250	L	1282440106	
Rory Gallagher	A Blue Day For The Blues	The Loop	2	141	L	1282440360	
Rory Gallagher	Jinx	The Devil Made Me Do It	4	173	L	1282440503	
Rory Gallagher	Tattoo	Sleep on a Clothes-line	6	315	L	1282440679	
Rory Gallagher	Stage Struck	Shadow Play	10	306	L	1282440998	
Rory Gallagher	A Blue Day For The Blues	As The Crow Flies (Live)	4	344	L	1282441308	
Rory Gallagher	Defender	Road To Hell	6	331	L	1282441657	
Rory Gallagher	Defender	Failsafe Day	5	264	L	1282441993	
Rory Gallagher	Fresh Evidence	Middle Name	3	255	L	1282442260	
Rory Gallagher	Calling Card	Do You Read Me	1	320	L	1282442519	
Rory Gallagher	Deuce	Used To Be	2	306	L	1282442842	
Rory Gallagher	Photo-Finish (expanded) (1978)	Fuel To The Fire	9	381	L	1282443153	
Rory Gallagher	Live In Europe	Pistol Slapper Blues	4	174	L	1282443539	
Rory Gallagher	Defender	No Peace For The Wicked (bonus)	12	246	L	1282443716	
Rory Gallagher	Top Priority (Remastered 1998)	At The Depot	5	176	L	1282443965	
Rory Gallagher	Tattoo	20:20 Vision	3	244	L	1282444143	
Rory Gallagher	Defender	Loanshark Blues	2	269	L	1282444392	
Rory Gallagher	Calling Card	Rue The Day (Bonus track)	10	254	L	1282444664	
Rory Gallagher	Defender	Seven Days	10	315	L	1282444921	
Rory Gallagher	Fresh Evidence	Slumming Angel	10	220	L	1282445241	
Rory Gallagher	Blueprint	Walk On Hot Coals	1	423	L	1282445463	
Rory Gallagher	Stage Struck	Wayward Child	2	271	L	1282445891	
Rory Gallagher	Live In Europe	Bullfrog Blues	9	407	L	1282446166	
Rory Gallagher	Defender	Kickback City	1	291	L	1282446578	
Rory Gallagher	Top Priority (Remastered 1998)	Bad Penny	6	243	L	1282446873	
Rory Gallagher	Fresh Evidence	The Loop	8	143	L	1282447119	
Rory Gallagher	Top Priority (Remastered 1998)	Follow Me	1	280	L	1282447264	
Rory Gallagher	Tattoo	Cradle Rock	2	377	L	1282447549	
Rory Gallagher	Top Priority (Remastered 1998)	Off The Handle	8	336	L	1282447931	
Rory Gallagher	Rory Gallagher	I Fall Apart	3	312	L	1282448271	
Rory GALLAGHER	Against The Grain	Ain't Too Good	3	237	L	1282448587	
Rory Gallagher	Photo-Finish (expanded) (1978)	Early Warning (bonus)	10	171	L	1282448827	
Rory Gallagher	Photo-Finish (expanded) (1978)	Overnight Bag	5	292	L	1282449000	
Rory Gallagher	Fresh Evidence	Never Asked You For Nothin' (Bonus track)	11	269	L	1282449296	
Rory Gallagher	Rory Gallagher	It's You	8	158	L	1282449568	
Rory Gallagher	Fresh Evidence	Alexis	4	247	L	1282449728	
Rory Gallagher	Rory Gallagher	Laundromat	1	279	L	1282449979	
Rory Gallagher	Deuce	I'm Not Awake Yet	1	324	L	1282450261	
Rory Gallagher	Stage Struck	Shinkicker	1	238	L	1282450590	
Rory Gallagher	Defender	I Ain't No Saint	4	300	L	1282450831	
Rory Gallagher	Blueprint	Unmilitary Two-Step	7	169	L	1282451135	
Rory Gallagher	Calling Card	Moonchild	3	288	L	1282451306	
Rory GALLAGHER	Against The Grain	Souped-Up Ford	4	392	L	1282451597	
Rory Gallagher	Live In Europe	What In The World	7	460	L	1282451995	
Rory Gallagher	Deuce	Maybe I Will	4	255	L	1282452460	
Rory Gallagher	Live In Europe	I Could've Had Religion	3	515	L	1282452719	
Rory Gallagher	Stage Struck	Follow Me	7	357	L	1282453240	
Rory Gallagher	Live In Europe	Going To My Home Town	5	346	L	1282453602	
Rory Gallagher	Jinx	Jinxed	6	303	L	1282453953	
Rory Gallagher	Deuce	Don't Know Where I'm Going	3	162	L	1282454259	
Rory Gallagher	Jinx	Big Guns	1	213	L	1282454423	
Rory Gallagher	Top Priority (Remastered 1998)	Wayward Child	3	211	L	1282454640	
Rory Gallagher	Top Priority (Remastered 1998)	The Watcher (Bonus track)	11	343	L	1282454853	
Rory Gallagher	Jinx	Ride On Red, Ride On	9	276	L	1282455201	
Rory Gallagher	Jinx	Lonely Mile (Bonus track)	10	279	L	1282455480	
Rory Gallagher	Tattoo	They Don't Make Them like You Anymore	4	248	L	1282455763	
Rory Gallagher	Calling Card	Secret Agent	6	345	L	1282456014	
Rory Gallagher	A Blue Day For The Blues	Bullfrog Blues (Live)	6	405	S	1282456364	
